<?xml version="1.0" encoding="UTF-8"?>
<testsuite xmlns:xsi="http://www.w3.org/2001/XMLSchema-instance" xsi:noNamespaceSchemaLocation="https://maven.apache.org/surefire/maven-surefire-plugin/xsd/surefire-test-report.xsd" name="activity.FraudDetectionSystemTest" time="0.094" tests="10" errors="0" skipped="0" failures="0">
  <properties>
[...]
</properties>
  <testcase name="testNormalTransaction" classname="activity.FraudDetectionSystemTest" time="0.055"/>
  <testcase name="testHighTransactionAmountBoundary" classname="activity.FraudDetectionSystemTest" time="0.003"/>
  <testcase name="testLocationChangeWithinShortTimeFrame" classname="activity.FraudDetectionSystemTest" time="0.005"/>
  <testcase name="testLocationChangeWithinShortTimeFrameBoundary" classname="activity.FraudDetectionSystemTest" time="0.007"/>
  <testcase name="testNormalTransactionBoundary" classname="activity.FraudDetectionSystemTest" time="0"/>
  <testcase name="testBlacklistedLocationBoundary" classname="activity.FraudDetectionSystemTest" time="0.002"/>
  <testcase name="testExcessiveTransactionsInLastHour" classname="activity.FraudDetectionSystemTest" time="0.001"/>
  <testcase name="testHighTransactionAmount" classname="activity.FraudDetectionSystemTest" time="0"/>
  <testcase name="testExcessiveTransactionsInLastHourBoundary" classname="activity.FraudDetectionSystemTest" time="0.001"/>
  <testcase name="testBlacklistedLocation" classname="activity.FraudDetectionSystemTest" time="0.001"/>
</testsuite>